<?xml version="1.0" encoding="UTF-8"?>
<!-- Generated by org.testng.reporters.JUnitXMLReporter -->
<testsuite ignored="0" hostname="IN-996XTN3" failures="0" tests="6" name="Default test" time="21.836" errors="0" timestamp="2023-09-12T20:37:13 IST">
  <testcase classname="all_Test_Operation.booking_operation" name="get_bookingID" time="8.264"/>
  <testcase classname="all_Test_Operation.booking_operation" name="post_createBooking" time="1.773"/>
  <testcase classname="all_Test_Operation.booking_operation" name="get_booking" time="1.762"/>
  <testcase classname="all_Test_Operation.booking_operation" name="put_updateBooking" time="1.838"/>
  <testcase classname="all_Test_Operation.booking_operation" name="patch_partial_updateBooking" time="1.785"/>
  <testcase classname="all_Test_Operation.booking_operation" name="delete_booking" time="1.794"/>
</testsuite> <!-- Default test -->
