<?xml version="1.0" encoding="UTF-8"?>
<!-- Generated by org.testng.reporters.JUnitXMLReporter -->
<testsuite ignored="0" hostname="IN-996XTN3" failures="0" tests="6" name="Test" time="19.298" errors="0" timestamp="2023-08-22T11:19:14 IST">
  <testcase classname="all_Test_Operation.booking_operation" name="get_bookingID" time="8.659"/>
  <testcase classname="all_Test_Operation.booking_operation" name="post_createBooking" time="2.203"/>
  <testcase classname="all_Test_Operation.booking_operation" name="get_booking" time="2.074"/>
  <testcase classname="all_Test_Operation.booking_operation" name="put_updateBooking" time="2.149"/>
  <testcase classname="all_Test_Operation.booking_operation" name="patch_partial_updateBooking" time="1.942"/>
  <testcase classname="all_Test_Operation.booking_operation" name="delete_booking" time="2.041"/>
</testsuite> <!-- Test -->
